info t=2015-03-09T23:02:26.672Z loading user theme: /home/brad/.themes/Numix-Cinnamon/cinnamon/cinnamon.css
info t=2015-03-09T23:02:26.707Z added icon directory: /home/brad/.themes/Numix-Cinnamon/cinnamon/
info t=2015-03-09T23:02:27.054Z loaded at Mon Mar 09 2015 18:02:27 GMT-0500 (CDT)
info t=2015-03-09T23:02:27.920Z Loaded applet menu@cinnamon.org in 860 ms
info t=2015-03-09T23:02:27.997Z Loaded applet panel-launchers@cinnamon.org in 74 ms
info t=2015-03-09T23:02:28.013Z Role locked: notifications
info t=2015-03-09T23:02:28.020Z Loaded applet notifications@cinnamon.org in 21 ms
info t=2015-03-09T23:02:28.033Z Loaded applet removable-drives@cinnamon.org in 11 ms
info t=2015-03-09T23:02:28.085Z Loaded applet keyboard@cinnamon.org in 50 ms
info t=2015-03-09T23:02:28.249Z Loaded applet user@cinnamon.org in 160 ms
info t=2015-03-09T23:02:28.301Z Loaded applet bluetooth@cinnamon.org in 49 ms
info t=2015-03-09T23:02:28.466Z Loaded applet network@cinnamon.org in 162 ms
info t=2015-03-09T23:02:28.676Z Loaded applet sound@cinnamon.org in 207 ms
info t=2015-03-09T23:02:28.698Z Loaded applet power@cinnamon.org in 20 ms
info t=2015-03-09T23:02:28.713Z Loaded applet systray@cinnamon.org in 10 ms
info t=2015-03-09T23:02:28.747Z Loaded applet calendar@cinnamon.org in 32 ms
info t=2015-03-09T23:02:28.764Z Loaded applet windows-quick-list@cinnamon.org in 11 ms
info t=2015-03-09T23:02:28.833Z Loaded applet places-bookmarks@dmo60.de in 68 ms
info t=2015-03-09T23:02:28.850Z Role locked: windowlist
info t=2015-03-09T23:02:28.850Z Loaded applet window-list@cinnamon.org in 13 ms
info t=2015-03-09T23:02:28.862Z Loaded applet workspace-switcher@cinnamon.org in 8 ms
info t=2015-03-09T23:02:28.873Z Loaded applet show-desktop@cinnamon.org in 7 ms
info t=2015-03-09T23:02:30.875Z Adding systray: parcellite (20x20px)
info t=2015-03-09T23:02:30.885Z Adding systray: unknown (20x20px)
info t=2015-03-09T23:02:46.014Z Adding systray: mintupdate.py (20x20px)
info t=2015-03-09T23:03:22.809Z Adding systray: google-chrome-stable (20x20px)
info t=2015-03-09T23:03:35.813Z Adding systray: google-chrome-stable (20x20px)
info t=2015-03-09T23:31:10.212Z Adding systray: google-chrome-stable (20x20px)
info t=2015-03-09T23:34:54.231Z Adding systray: google-chrome-stable (20x20px)
